mode: atomic
github.homedepot.com/houdini/register-gateway-server/graphql.go:22.13,241.65 6 1
github.homedepot.com/houdini/register-gateway-server/graphql.go:330.2,332.4 1 1
github.homedepot.com/houdini/register-gateway-server/graphql.go:241.65,244.43 3 0
github.homedepot.com/houdini/register-gateway-server/graphql.go:248.6,248.21 1 0
github.homedepot.com/houdini/register-gateway-server/graphql.go:244.43,247.7 1 0
github.homedepot.com/houdini/register-gateway-server/graphql.go:261.65,264.43 3 0
github.homedepot.com/houdini/register-gateway-server/graphql.go:267.6,267.21 1 0
github.homedepot.com/houdini/register-gateway-server/graphql.go:264.43,266.7 1 0
github.homedepot.com/houdini/register-gateway-server/graphql.go:280.65,283.43 3 0
github.homedepot.com/houdini/register-gateway-server/graphql.go:286.6,286.21 1 0
github.homedepot.com/houdini/register-gateway-server/graphql.go:283.43,285.7 1 0
github.homedepot.com/houdini/register-gateway-server/graphql.go:299.65,301.24 2 0
github.homedepot.com/houdini/register-gateway-server/graphql.go:304.6,305.24 2 0
github.homedepot.com/houdini/register-gateway-server/graphql.go:308.6,308.21 1 0
github.homedepot.com/houdini/register-gateway-server/graphql.go:301.24,303.7 1 0
github.homedepot.com/houdini/register-gateway-server/graphql.go:305.24,307.7 1 0
github.homedepot.com/houdini/register-gateway-server/graphql.go:318.65,321.25 2 0
github.homedepot.com/houdini/register-gateway-server/graphql.go:324.6,324.21 1 0
github.homedepot.com/houdini/register-gateway-server/graphql.go:321.25,323.7 1 0
github.homedepot.com/houdini/register-gateway-server/graphql.go:335.58,339.2 3 0
github.homedepot.com/houdini/register-gateway-server/graphql.go:341.13,344.46 2 0
github.homedepot.com/houdini/register-gateway-server/graphql.go:347.2,356.45 4 0
github.homedepot.com/houdini/register-gateway-server/graphql.go:363.2,377.36 6 0
github.homedepot.com/houdini/register-gateway-server/graphql.go:344.46,346.3 1 0
github.homedepot.com/houdini/register-gateway-server/graphql.go:356.45,358.4 1 0
